2020-02-25T09:09:37.172Z thumbsup:warn dcraw (https://www.cybercom.net/~dcoffin/dcraw/) is not installed. You will not be able to process RAW photos.
2020-02-25T09:09:37.374Z thumbsup:warn EACCES: permission denied, scandir '/input'
2020-02-25T09:12:32.574Z thumbsup:warn dcraw (https://www.cybercom.net/~dcoffin/dcraw/) is not installed. You will not be able to process RAW photos.
2020-02-26T07:15:24.503Z thumbsup:warn dcraw (https://www.cybercom.net/~dcoffin/dcraw/) is not installed. You will not be able to process RAW photos.
2020-02-26T07:45:17.246Z thumbsup:warn dcraw (https://www.cybercom.net/~dcoffin/dcraw/) is not installed. You will not be able to process RAW photos.
2020-02-26T07:53:28.535Z thumbsup:warn dcraw (https://www.cybercom.net/~dcoffin/dcraw/) is not installed. You will not be able to process RAW photos.
2020-02-26T08:03:54.763Z thumbsup:warn dcraw (https://www.cybercom.net/~dcoffin/dcraw/) is not installed. You will not be able to process RAW photos.
2020-02-26T08:14:37.328Z thumbsup:warn dcraw (https://www.cybercom.net/~dcoffin/dcraw/) is not installed. You will not be able to process RAW photos.
2020-02-26T09:17:50.538Z thumbsup:warn dcraw (https://www.cybercom.net/~dcoffin/dcraw/) is not installed. You will not be able to process RAW photos.
2020-02-26T09:17:50.576Z thumbsup:warn EACCES: permission denied, lstat '/input/2020_02_23 - February Funkhana/87100630_2556980391256907_1058207210758209536_o.jpg'
2020-02-26T09:17:50.576Z thumbsup:warn EACCES: permission denied, lstat '/input/2020_02_23 - February Funkhana/87120373_2556980467923566_3022094359907532800_o.jpg'
2020-02-26T09:17:50.576Z thumbsup:warn EACCES: permission denied, lstat '/input/2020_02_23 - February Funkhana/87228086_2556980507923562_1786821298396069888_o.jpg'
2020-02-26T09:17:50.576Z thumbsup:warn EACCES: permission denied, lstat '/input/2020_02_23 - February Funkhana/87208232_2556980171256929_4146934359015817216_o.jpg'
2020-02-26T09:17:50.576Z thumbsup:warn EACCES: permission denied, lstat '/input/2020_02_23 - February Funkhana/87252503_1024259404627489_5352208229310922752_o.jpg'
2020-02-26T09:17:50.576Z thumbsup:warn EACCES: permission denied, lstat '/input/2020_02_23 - February Funkhana/87149368_1024251527961610_491911593777430528_o.jpg'
2020-02-26T09:17:50.576Z thumbsup:warn EACCES: permission denied, lstat '/input/2020_02_23 - February Funkhana/87274112_1024251431294953_1620043625188556800_o.jpg'
2020-02-26T09:17:50.576Z thumbsup:warn EACCES: permission denied, lstat '/input/2020_02_23 - February Funkhana/87276999_1024251454628284_8150479529752657920_o.jpg'
2020-02-26T09:17:50.576Z thumbsup:warn EACCES: permission denied, lstat '/input/2020_02_23 - February Funkhana/87324999_1024259431294153_462752313480577024_o.jpg'
2020-02-26T09:17:50.576Z thumbsup:warn EACCES: permission denied, lstat '/input/2020_02_23 - February Funkhana/87365680_2556980344590245_2814678397635002368_o.jpg'
2020-02-26T09:17:50.576Z thumbsup:warn EACCES: permission denied, lstat '/input/2020_02_23 - February Funkhana/87370703_2556980284590251_1954751324214001664_o.jpg'
2020-02-26T09:17:50.577Z thumbsup:warn EACCES: permission denied, lstat '/input/2020_02_23 - February Funkhana/87371561_1024251561294940_9109985827953311744_o.jpg'
2020-02-26T09:17:50.577Z thumbsup:warn EACCES: permission denied, lstat '/input/2020_02_23 - February Funkhana/87398693_1024251481294948_7823341916744843264_o.jpg'
2020-02-26T09:17:50.577Z thumbsup:warn EACCES: permission denied, lstat '/input/2020_02_23 - February Funkhana/87434348_2556980431256903_1019273405234413568_o.jpg'
2020-02-26T09:17:50.577Z thumbsup:warn EACCES: permission denied, lstat '/input/2020_02_23 - February Funkhana/87475241_2556980104590269_4199140871909670912_o.jpg'
2020-02-26T09:17:50.577Z thumbsup:warn EACCES: permission denied, lstat '/input/2020_02_23 - February Funkhana/87598043_2556979731256973_2201897890048114688_o.jpg'
2020-02-26T09:17:50.577Z thumbsup:warn EACCES: permission denied, lstat '/input/2020_02_23 - February Funkhana/87732249_2556980541256892_4783278556132147200_o.jpg'
2020-02-26T09:17:50.577Z thumbsup:warn EACCES: permission denied, lstat '/input/2020_02_23 - February Funkhana/87813279_2556980311256915_1275322042408763392_o.jpg'
2020-02-26T09:20:22.549Z thumbsup:warn dcraw (https://www.cybercom.net/~dcoffin/dcraw/) is not installed. You will not be able to process RAW photos.
2020-02-26T09:20:22.586Z thumbsup:warn EACCES: permission denied, lstat '/input/2020_02_23 - February Funkhana/87100630_2556980391256907_1058207210758209536_o.jpg'
2020-02-26T09:20:22.586Z thumbsup:warn EACCES: permission denied, lstat '/input/2020_02_23 - February Funkhana/87149368_1024251527961610_491911593777430528_o.jpg'
2020-02-26T09:20:22.587Z thumbsup:warn EACCES: permission denied, lstat '/input/2020_02_23 - February Funkhana/87228086_2556980507923562_1786821298396069888_o.jpg'
2020-02-26T09:20:22.587Z thumbsup:warn EACCES: permission denied, lstat '/input/2020_02_23 - February Funkhana/87252503_1024259404627489_5352208229310922752_o.jpg'
2020-02-26T09:20:22.587Z thumbsup:warn EACCES: permission denied, lstat '/input/2020_02_23 - February Funkhana/87120373_2556980467923566_3022094359907532800_o.jpg'
2020-02-26T09:20:22.587Z thumbsup:warn EACCES: permission denied, lstat '/input/2020_02_23 - February Funkhana/87208232_2556980171256929_4146934359015817216_o.jpg'
2020-02-26T09:20:22.587Z thumbsup:warn EACCES: permission denied, lstat '/input/2020_02_23 - February Funkhana/87274112_1024251431294953_1620043625188556800_o.jpg'
2020-02-26T09:20:22.587Z thumbsup:warn EACCES: permission denied, lstat '/input/2020_02_23 - February Funkhana/87276999_1024251454628284_8150479529752657920_o.jpg'
2020-02-26T09:20:22.587Z thumbsup:warn EACCES: permission denied, lstat '/input/2020_02_23 - February Funkhana/87324999_1024259431294153_462752313480577024_o.jpg'
2020-02-26T09:20:22.587Z thumbsup:warn EACCES: permission denied, lstat '/input/2020_02_23 - February Funkhana/87365680_2556980344590245_2814678397635002368_o.jpg'
2020-02-26T09:20:22.587Z thumbsup:warn EACCES: permission denied, lstat '/input/2020_02_23 - February Funkhana/87370703_2556980284590251_1954751324214001664_o.jpg'
2020-02-26T09:20:22.587Z thumbsup:warn EACCES: permission denied, lstat '/input/2020_02_23 - February Funkhana/87371561_1024251561294940_9109985827953311744_o.jpg'
2020-02-26T09:20:22.587Z thumbsup:warn EACCES: permission denied, lstat '/input/2020_02_23 - February Funkhana/87398693_1024251481294948_7823341916744843264_o.jpg'
2020-02-26T09:20:22.587Z thumbsup:warn EACCES: permission denied, lstat '/input/2020_02_23 - February Funkhana/87434348_2556980431256903_1019273405234413568_o.jpg'
2020-02-26T09:20:22.587Z thumbsup:warn EACCES: permission denied, lstat '/input/2020_02_23 - February Funkhana/87475241_2556980104590269_4199140871909670912_o.jpg'
2020-02-26T09:20:22.587Z thumbsup:warn EACCES: permission denied, lstat '/input/2020_02_23 - February Funkhana/87598043_2556979731256973_2201897890048114688_o.jpg'
2020-02-26T09:20:22.587Z thumbsup:warn EACCES: permission denied, lstat '/input/2020_02_23 - February Funkhana/87732249_2556980541256892_4783278556132147200_o.jpg'
2020-02-26T09:20:22.587Z thumbsup:warn EACCES: permission denied, lstat '/input/2020_02_23 - February Funkhana/87813279_2556980311256915_1275322042408763392_o.jpg'
2020-02-26T09:22:00.611Z thumbsup:warn dcraw (https://www.cybercom.net/~dcoffin/dcraw/) is not installed. You will not be able to process RAW photos.
2020-02-26T09:22:00.656Z thumbsup:warn EACCES: permission denied, lstat '/input/2020_02_23 - February Funkhana/87100630_2556980391256907_1058207210758209536_o.jpg'
2020-02-26T09:22:00.656Z thumbsup:warn EACCES: permission denied, lstat '/input/2020_02_23 - February Funkhana/87120373_2556980467923566_3022094359907532800_o.jpg'
2020-02-26T09:22:00.656Z thumbsup:warn EACCES: permission denied, lstat '/input/2020_02_23 - February Funkhana/87208232_2556980171256929_4146934359015817216_o.jpg'
2020-02-26T09:22:00.656Z thumbsup:warn EACCES: permission denied, lstat '/input/2020_02_23 - February Funkhana/87228086_2556980507923562_1786821298396069888_o.jpg'
2020-02-26T09:22:00.656Z thumbsup:warn EACCES: permission denied, lstat '/input/2020_02_23 - February Funkhana/87252503_1024259404627489_5352208229310922752_o.jpg'
2020-02-26T09:22:00.656Z thumbsup:warn EACCES: permission denied, lstat '/input/2020_02_23 - February Funkhana/87149368_1024251527961610_491911593777430528_o.jpg'
2020-02-26T09:22:00.656Z thumbsup:warn EACCES: permission denied, lstat '/input/2020_02_23 - February Funkhana/87274112_1024251431294953_1620043625188556800_o.jpg'
2020-02-26T09:22:00.656Z thumbsup:warn EACCES: permission denied, lstat '/input/2020_02_23 - February Funkhana/87276999_1024251454628284_8150479529752657920_o.jpg'
2020-02-26T09:22:00.656Z thumbsup:warn EACCES: permission denied, lstat '/input/2020_02_23 - February Funkhana/87324999_1024259431294153_462752313480577024_o.jpg'
2020-02-26T09:22:00.656Z thumbsup:warn EACCES: permission denied, lstat '/input/2020_02_23 - February Funkhana/87365680_2556980344590245_2814678397635002368_o.jpg'
2020-02-26T09:22:00.656Z thumbsup:warn EACCES: permission denied, lstat '/input/2020_02_23 - February Funkhana/87370703_2556980284590251_1954751324214001664_o.jpg'
2020-02-26T09:22:00.656Z thumbsup:warn EACCES: permission denied, lstat '/input/2020_02_23 - February Funkhana/87371561_1024251561294940_9109985827953311744_o.jpg'
2020-02-26T09:22:00.656Z thumbsup:warn EACCES: permission denied, lstat '/input/2020_02_23 - February Funkhana/87398693_1024251481294948_7823341916744843264_o.jpg'
2020-02-26T09:22:00.656Z thumbsup:warn EACCES: permission denied, lstat '/input/2020_02_23 - February Funkhana/87434348_2556980431256903_1019273405234413568_o.jpg'
2020-02-26T09:22:00.656Z thumbsup:warn EACCES: permission denied, lstat '/input/2020_02_23 - February Funkhana/87475241_2556980104590269_4199140871909670912_o.jpg'
2020-02-26T09:22:00.656Z thumbsup:warn EACCES: permission denied, lstat '/input/2020_02_23 - February Funkhana/87598043_2556979731256973_2201897890048114688_o.jpg'
2020-02-26T09:22:00.656Z thumbsup:warn EACCES: permission denied, lstat '/input/2020_02_23 - February Funkhana/87732249_2556980541256892_4783278556132147200_o.jpg'
2020-02-26T09:22:00.656Z thumbsup:warn EACCES: permission denied, lstat '/input/2020_02_23 - February Funkhana/87813279_2556980311256915_1275322042408763392_o.jpg'
2020-02-26T09:22:58.148Z thumbsup:warn dcraw (https://www.cybercom.net/~dcoffin/dcraw/) is not installed. You will not be able to process RAW photos.
2020-02-26T09:22:58.183Z thumbsup:warn EACCES: permission denied, lstat '/input/2020_02_23-February_Funkhana/87100630_2556980391256907_1058207210758209536_o.jpg'
2020-02-26T09:22:58.183Z thumbsup:warn EACCES: permission denied, lstat '/input/2020_02_23-February_Funkhana/87120373_2556980467923566_3022094359907532800_o.jpg'
2020-02-26T09:22:58.183Z thumbsup:warn EACCES: permission denied, lstat '/input/2020_02_23-February_Funkhana/87208232_2556980171256929_4146934359015817216_o.jpg'
2020-02-26T09:22:58.184Z thumbsup:warn EACCES: permission denied, lstat '/input/2020_02_23-February_Funkhana/87149368_1024251527961610_491911593777430528_o.jpg'
2020-02-26T09:22:58.184Z thumbsup:warn EACCES: permission denied, lstat '/input/2020_02_23-February_Funkhana/87228086_2556980507923562_1786821298396069888_o.jpg'
2020-02-26T09:22:58.184Z thumbsup:warn EACCES: permission denied, lstat '/input/2020_02_23-February_Funkhana/87252503_1024259404627489_5352208229310922752_o.jpg'
2020-02-26T09:22:58.184Z thumbsup:warn EACCES: permission denied, lstat '/input/2020_02_23-February_Funkhana/87274112_1024251431294953_1620043625188556800_o.jpg'
2020-02-26T09:22:58.184Z thumbsup:warn EACCES: permission denied, lstat '/input/2020_02_23-February_Funkhana/87276999_1024251454628284_8150479529752657920_o.jpg'
2020-02-26T09:22:58.184Z thumbsup:warn EACCES: permission denied, lstat '/input/2020_02_23-February_Funkhana/87324999_1024259431294153_462752313480577024_o.jpg'
2020-02-26T09:22:58.184Z thumbsup:warn EACCES: permission denied, lstat '/input/2020_02_23-February_Funkhana/87365680_2556980344590245_2814678397635002368_o.jpg'
2020-02-26T09:22:58.184Z thumbsup:warn EACCES: permission denied, lstat '/input/2020_02_23-February_Funkhana/87370703_2556980284590251_1954751324214001664_o.jpg'
2020-02-26T09:22:58.184Z thumbsup:warn EACCES: permission denied, lstat '/input/2020_02_23-February_Funkhana/87371561_1024251561294940_9109985827953311744_o.jpg'
2020-02-26T09:22:58.184Z thumbsup:warn EACCES: permission denied, lstat '/input/2020_02_23-February_Funkhana/87398693_1024251481294948_7823341916744843264_o.jpg'
2020-02-26T09:22:58.184Z thumbsup:warn EACCES: permission denied, lstat '/input/2020_02_23-February_Funkhana/87434348_2556980431256903_1019273405234413568_o.jpg'
2020-02-26T09:22:58.184Z thumbsup:warn EACCES: permission denied, lstat '/input/2020_02_23-February_Funkhana/87475241_2556980104590269_4199140871909670912_o.jpg'
2020-02-26T09:22:58.184Z thumbsup:warn EACCES: permission denied, lstat '/input/2020_02_23-February_Funkhana/87598043_2556979731256973_2201897890048114688_o.jpg'
2020-02-26T09:22:58.184Z thumbsup:warn EACCES: permission denied, lstat '/input/2020_02_23-February_Funkhana/87732249_2556980541256892_4783278556132147200_o.jpg'
2020-02-26T09:22:58.184Z thumbsup:warn EACCES: permission denied, lstat '/input/2020_02_23-February_Funkhana/87813279_2556980311256915_1275322042408763392_o.jpg'
2020-02-26T09:26:42.118Z thumbsup:warn dcraw (https://www.cybercom.net/~dcoffin/dcraw/) is not installed. You will not be able to process RAW photos.
2020-02-26T09:26:42.152Z thumbsup:warn EACCES: permission denied, lstat '/input/2020_02_23-February_Funkhana/10.jpg'
2020-02-26T09:26:42.152Z thumbsup:warn EACCES: permission denied, lstat '/input/2020_02_23-February_Funkhana/1.jpg'
2020-02-26T09:26:42.152Z thumbsup:warn EACCES: permission denied, lstat '/input/2020_02_23-February_Funkhana/12.jpg'
2020-02-26T09:26:42.152Z thumbsup:warn EACCES: permission denied, lstat '/input/2020_02_23-February_Funkhana/11.jpg'
2020-02-26T09:26:42.152Z thumbsup:warn EACCES: permission denied, lstat '/input/2020_02_23-February_Funkhana/13.jpg'
2020-02-26T09:26:42.152Z thumbsup:warn EACCES: permission denied, lstat '/input/2020_02_23-February_Funkhana/14.jpg'
2020-02-26T09:26:42.152Z thumbsup:warn EACCES: permission denied, lstat '/input/2020_02_23-February_Funkhana/15.jpg'
2020-02-26T09:26:42.152Z thumbsup:warn EACCES: permission denied, lstat '/input/2020_02_23-February_Funkhana/16.jpg'
2020-02-26T09:26:42.152Z thumbsup:warn EACCES: permission denied, lstat '/input/2020_02_23-February_Funkhana/17.jpg'
2020-02-26T09:26:42.152Z thumbsup:warn EACCES: permission denied, lstat '/input/2020_02_23-February_Funkhana/18.jpg'
2020-02-26T09:26:42.152Z thumbsup:warn EACCES: permission denied, lstat '/input/2020_02_23-February_Funkhana/2.jpg'
2020-02-26T09:26:42.152Z thumbsup:warn EACCES: permission denied, lstat '/input/2020_02_23-February_Funkhana/3.jpg'
2020-02-26T09:26:42.152Z thumbsup:warn EACCES: permission denied, lstat '/input/2020_02_23-February_Funkhana/4.jpg'
2020-02-26T09:26:42.152Z thumbsup:warn EACCES: permission denied, lstat '/input/2020_02_23-February_Funkhana/5.jpg'
2020-02-26T09:26:42.152Z thumbsup:warn EACCES: permission denied, lstat '/input/2020_02_23-February_Funkhana/6.jpg'
2020-02-26T09:26:42.152Z thumbsup:warn EACCES: permission denied, lstat '/input/2020_02_23-February_Funkhana/7.jpg'
2020-02-26T09:26:42.152Z thumbsup:warn EACCES: permission denied, lstat '/input/2020_02_23-February_Funkhana/8.jpg'
2020-02-26T09:26:42.152Z thumbsup:warn EACCES: permission denied, lstat '/input/2020_02_23-February_Funkhana/9.jpg'
2020-02-26T19:02:43.350Z thumbsup:warn dcraw (https://www.cybercom.net/~dcoffin/dcraw/) is not installed. You will not be able to process RAW photos.
2020-02-26T19:02:43.475Z thumbsup:warn EACCES: permission denied, lstat '/input/2020_02_23-February_Funkhana/1.jpg'
2020-02-26T19:02:43.475Z thumbsup:warn EACCES: permission denied, lstat '/input/2020_02_23-February_Funkhana/10.jpg'
2020-02-26T19:02:43.475Z thumbsup:warn EACCES: permission denied, lstat '/input/2020_02_23-February_Funkhana/11.jpg'
2020-02-26T19:02:43.475Z thumbsup:warn EACCES: permission denied, lstat '/input/2020_02_23-February_Funkhana/12.jpg'
2020-02-26T19:02:43.475Z thumbsup:warn EACCES: permission denied, lstat '/input/2020_02_23-February_Funkhana/14.jpg'
2020-02-26T19:02:43.475Z thumbsup:warn EACCES: permission denied, lstat '/input/2020_02_23-February_Funkhana/13.jpg'
2020-02-26T19:02:43.475Z thumbsup:warn EACCES: permission denied, lstat '/input/2020_02_23-February_Funkhana/15.jpg'
2020-02-26T19:02:43.475Z thumbsup:warn EACCES: permission denied, lstat '/input/2020_02_23-February_Funkhana/16.jpg'
2020-02-26T19:02:43.475Z thumbsup:warn EACCES: permission denied, lstat '/input/2020_02_23-February_Funkhana/17.jpg'
2020-02-26T19:02:43.475Z thumbsup:warn EACCES: permission denied, lstat '/input/2020_02_23-February_Funkhana/18.jpg'
2020-02-26T19:02:43.475Z thumbsup:warn EACCES: permission denied, lstat '/input/2020_02_23-February_Funkhana/3.jpg'
2020-02-26T19:02:43.475Z thumbsup:warn EACCES: permission denied, lstat '/input/2020_02_23-February_Funkhana/2.jpg'
2020-02-26T19:02:43.475Z thumbsup:warn EACCES: permission denied, lstat '/input/2020_02_23-February_Funkhana/4.jpg'
2020-02-26T19:02:43.475Z thumbsup:warn EACCES: permission denied, lstat '/input/2020_02_23-February_Funkhana/5.jpg'
2020-02-26T19:02:43.475Z thumbsup:warn EACCES: permission denied, lstat '/input/2020_02_23-February_Funkhana/7.jpg'
2020-02-26T19:02:43.475Z thumbsup:warn EACCES: permission denied, lstat '/input/2020_02_23-February_Funkhana/6.jpg'
2020-02-26T19:02:43.475Z thumbsup:warn EACCES: permission denied, lstat '/input/2020_02_23-February_Funkhana/8.jpg'
2020-02-26T19:02:43.475Z thumbsup:warn EACCES: permission denied, lstat '/input/2020_02_23-February_Funkhana/9.jpg'
2020-02-26T19:10:29.690Z thumbsup:warn dcraw (https://www.cybercom.net/~dcoffin/dcraw/) is not installed. You will not be able to process RAW photos.
2020-07-02T08:13:48.689Z thumbsup:warn dcraw (https://www.cybercom.net/~dcoffin/dcraw/) is not installed. You will not be able to process RAW photos.
2020-07-30T09:06:29.900Z thumbsup:warn dcraw (https://www.cybercom.net/~dcoffin/dcraw/) is not installed. You will not be able to process RAW photos.
2020-08-18T07:57:55.515Z thumbsup:warn dcraw (https://www.cybercom.net/~dcoffin/dcraw/) is not installed. You will not be able to process RAW photos.
2020-08-18T08:00:56.041Z thumbsup:warn dcraw (https://www.cybercom.net/~dcoffin/dcraw/) is not installed. You will not be able to process RAW photos.
2020-08-18T08:44:05.014Z thumbsup:warn dcraw (https://www.cybercom.net/~dcoffin/dcraw/) is not installed. You will not be able to process RAW photos.
2020-08-23T07:02:56.372Z thumbsup:warn dcraw (https://www.cybercom.net/~dcoffin/dcraw/) is not installed. You will not be able to process RAW photos.
2020-09-29T08:18:31.062Z thumbsup:warn dcraw (https://www.cybercom.net/~dcoffin/dcraw/) is not installed. You will not be able to process RAW photos.
2020-10-16T09:16:58.378Z thumbsup:warn dcraw (https://www.cybercom.net/~dcoffin/dcraw/) is not installed. You will not be able to process RAW photos.
2020-11-27T22:12:47.675Z thumbsup:warn dcraw (https://www.cybercom.net/~dcoffin/dcraw/) is not installed. You will not be able to process RAW photos.
2020-11-27T22:12:47.787Z thumbsup:warn EACCES: permission denied, lstat '/input/2020_10-October_MG_Classic/124624876_990133038137141_6414775673758882479_n.jpg'
2020-11-27T22:12:47.787Z thumbsup:warn EACCES: permission denied, lstat '/input/2020_10-October_MG_Classic/124645433_1003243230189306_6890563331535210152_n.jpg'
2020-11-27T22:12:47.787Z thumbsup:warn EACCES: permission denied, lstat '/input/2020_10-October_MG_Classic/124838954_810168709781715_7303082784522297464_n.jpg'
2020-11-27T22:12:47.787Z thumbsup:warn EACCES: permission denied, lstat '/input/2020_10-October_MG_Classic/124888190_387939302398696_3133374237725541429_n.jpg'
2020-11-27T22:12:47.787Z thumbsup:warn EACCES: permission denied, lstat '/input/2020_10-October_MG_Classic/124922160_661992201173974_8559724489458356442_n.jpg'
2020-11-27T22:12:47.787Z thumbsup:warn EACCES: permission denied, lstat '/input/2020_10-October_MG_Classic/124952265_379996543314174_7822432409453870283_n.jpg'
2020-11-27T22:12:47.787Z thumbsup:warn EACCES: permission denied, lstat '/input/2020_10-October_MG_Classic/124963005_499059071051633_8901455189581644280_n.jpg'
2020-11-27T22:12:47.788Z thumbsup:warn EACCES: permission denied, lstat '/input/2020_10-October_MG_Classic/124984722_3536910653058703_6124633941601564242_n.jpg'
2020-11-27T22:12:47.788Z thumbsup:warn EACCES: permission denied, lstat '/input/2020_10-October_MG_Classic/125020750_4595879617152048_5860683611504724082_n.jpg'
2020-11-27T22:12:47.788Z thumbsup:warn EACCES: permission denied, lstat '/input/2020_10-October_MG_Classic/125074087_1816239981885594_1037367302809452362_n.jpg'
2020-11-27T22:12:47.788Z thumbsup:warn EACCES: permission denied, lstat '/input/2020_10-October_MG_Classic/125165914_1074590763003111_2233843689961599596_n.jpg'
2020-11-27T22:12:47.788Z thumbsup:warn EACCES: permission denied, lstat '/input/2020_10-October_MG_Classic/125172753_360021475097229_6367435725159501964_n.jpg'
2020-11-27T22:12:47.788Z thumbsup:warn EACCES: permission denied, lstat '/input/2020_10-October_MG_Classic/125191589_840960183438995_9171246118830697866_n.jpg'
2020-11-27T22:12:47.788Z thumbsup:warn EACCES: permission denied, lstat '/input/2020_10-October_MG_Classic/125205592_800840437454226_1672636349061127040_n.jpg'
2020-11-27T22:12:47.788Z thumbsup:warn EACCES: permission denied, lstat '/input/2020_10-October_MG_Classic/125205915_3377789922340445_5195017656832231254_n.jpg'
2020-11-27T22:12:47.788Z thumbsup:warn EACCES: permission denied, lstat '/input/2020_10-October_MG_Classic/125250926_713201652909156_2668700220931084235_n.jpg'
2020-11-27T22:12:47.788Z thumbsup:warn EACCES: permission denied, lstat '/input/2020_10-October_MG_Classic/125267846_283021449758564_6383373083042877504_n.jpg'
2020-11-27T22:12:47.788Z thumbsup:warn EACCES: permission denied, lstat '/input/2020_10-October_MG_Classic/125316469_795412547980080_5824093304690334729_n.jpg'
2020-11-27T22:12:47.788Z thumbsup:warn EACCES: permission denied, lstat '/input/2020_10-October_MG_Classic/125323065_731546964117843_7526785271672102911_n.jpg'
2020-11-27T22:12:47.788Z thumbsup:warn EACCES: permission denied, lstat '/input/2020_10-October_MG_Classic/125429762_1584350991773531_8939529011783899461_n.jpg'
2020-11-27T22:12:47.788Z thumbsup:warn EACCES: permission denied, lstat '/input/2020_10-October_MG_Classic/125495311_3431753310383502_1128064475811025751_n.jpg'
2020-11-27T22:12:47.788Z thumbsup:warn EACCES: permission denied, lstat '/input/2020_10-October_MG_Classic/125522005_371739997265711_2592938695099023789_n.jpg'
2020-11-27T22:12:47.788Z thumbsup:warn EACCES: permission denied, lstat '/input/2020_10-October_MG_Classic/125538146_425424855288970_1930565616108289841_n.jpg'
2020-11-27T22:12:47.788Z thumbsup:warn EACCES: permission denied, lstat '/input/2020_10-October_MG_Classic/125570727_379357013180472_7308303279571134640_n.jpg'
2020-11-27T22:23:38.927Z thumbsup:warn dcraw (https://www.cybercom.net/~dcoffin/dcraw/) is not installed. You will not be able to process RAW photos.
2020-11-27T22:23:38.992Z thumbsup:warn EACCES: permission denied, lstat '/input/2020_10_15-October_MG_Classic/124624876_990133038137141_6414775673758882479_n.jpg'
2020-11-27T22:23:38.992Z thumbsup:warn EACCES: permission denied, lstat '/input/2020_10_15-October_MG_Classic/124645433_1003243230189306_6890563331535210152_n.jpg'
2020-11-27T22:23:38.992Z thumbsup:warn EACCES: permission denied, lstat '/input/2020_10_15-October_MG_Classic/124888190_387939302398696_3133374237725541429_n.jpg'
2020-11-27T22:23:38.992Z thumbsup:warn EACCES: permission denied, lstat '/input/2020_10_15-October_MG_Classic/124838954_810168709781715_7303082784522297464_n.jpg'
2020-11-27T22:23:38.992Z thumbsup:warn EACCES: permission denied, lstat '/input/2020_10_15-October_MG_Classic/124922160_661992201173974_8559724489458356442_n.jpg'
2020-11-27T22:23:38.992Z thumbsup:warn EACCES: permission denied, lstat '/input/2020_10_15-October_MG_Classic/124952265_379996543314174_7822432409453870283_n.jpg'
2020-11-27T22:23:38.992Z thumbsup:warn EACCES: permission denied, lstat '/input/2020_10_15-October_MG_Classic/124963005_499059071051633_8901455189581644280_n.jpg'
2020-11-27T22:23:38.992Z thumbsup:warn EACCES: permission denied, lstat '/input/2020_10_15-October_MG_Classic/124984722_3536910653058703_6124633941601564242_n.jpg'
2020-11-27T22:23:38.992Z thumbsup:warn EACCES: permission denied, lstat '/input/2020_10_15-October_MG_Classic/125020750_4595879617152048_5860683611504724082_n.jpg'
2020-11-27T22:23:38.992Z thumbsup:warn EACCES: permission denied, lstat '/input/2020_10_15-October_MG_Classic/125074087_1816239981885594_1037367302809452362_n.jpg'
2020-11-27T22:23:38.992Z thumbsup:warn EACCES: permission denied, lstat '/input/2020_10_15-October_MG_Classic/125165914_1074590763003111_2233843689961599596_n.jpg'
2020-11-27T22:23:38.992Z thumbsup:warn EACCES: permission denied, lstat '/input/2020_10_15-October_MG_Classic/125172753_360021475097229_6367435725159501964_n.jpg'
2020-11-27T22:23:38.992Z thumbsup:warn EACCES: permission denied, lstat '/input/2020_10_15-October_MG_Classic/125191589_840960183438995_9171246118830697866_n.jpg'
2020-11-27T22:23:38.992Z thumbsup:warn EACCES: permission denied, lstat '/input/2020_10_15-October_MG_Classic/125205592_800840437454226_1672636349061127040_n.jpg'
2020-11-27T22:23:38.992Z thumbsup:warn EACCES: permission denied, lstat '/input/2020_10_15-October_MG_Classic/125205915_3377789922340445_5195017656832231254_n.jpg'
2020-11-27T22:23:38.992Z thumbsup:warn EACCES: permission denied, lstat '/input/2020_10_15-October_MG_Classic/125250926_713201652909156_2668700220931084235_n.jpg'
2020-11-27T22:23:38.992Z thumbsup:warn EACCES: permission denied, lstat '/input/2020_10_15-October_MG_Classic/125267846_283021449758564_6383373083042877504_n.jpg'
2020-11-27T22:23:38.992Z thumbsup:warn EACCES: permission denied, lstat '/input/2020_10_15-October_MG_Classic/125316469_795412547980080_5824093304690334729_n.jpg'
2020-11-27T22:23:38.992Z thumbsup:warn EACCES: permission denied, lstat '/input/2020_10_15-October_MG_Classic/125323065_731546964117843_7526785271672102911_n.jpg'
2020-11-27T22:23:38.992Z thumbsup:warn EACCES: permission denied, lstat '/input/2020_10_15-October_MG_Classic/125429762_1584350991773531_8939529011783899461_n.jpg'
2020-11-27T22:23:38.992Z thumbsup:warn EACCES: permission denied, lstat '/input/2020_10_15-October_MG_Classic/125495311_3431753310383502_1128064475811025751_n.jpg'
2020-11-27T22:23:38.992Z thumbsup:warn EACCES: permission denied, lstat '/input/2020_10_15-October_MG_Classic/125522005_371739997265711_2592938695099023789_n.jpg'
2020-11-27T22:23:38.992Z thumbsup:warn EACCES: permission denied, lstat '/input/2020_10_15-October_MG_Classic/125538146_425424855288970_1930565616108289841_n.jpg'
2020-11-27T22:23:38.992Z thumbsup:warn EACCES: permission denied, lstat '/input/2020_10_15-October_MG_Classic/125570727_379357013180472_7308303279571134640_n.jpg'
2020-11-27T22:30:07.346Z thumbsup:warn dcraw (https://www.cybercom.net/~dcoffin/dcraw/) is not installed. You will not be able to process RAW photos.
2020-11-27T22:30:07.401Z thumbsup:warn EACCES: permission denied, lstat '/input/2020_10_15-October_MG_Classic/124645433_1003243230189306_6890563331535210152_n.jpg'
2020-11-27T22:30:07.402Z thumbsup:warn EACCES: permission denied, lstat '/input/2020_10_15-October_MG_Classic/124838954_810168709781715_7303082784522297464_n.jpg'
2020-11-27T22:30:07.402Z thumbsup:warn EACCES: permission denied, lstat '/input/2020_10_15-October_MG_Classic/1.jpg'
2020-11-27T22:30:07.402Z thumbsup:warn EACCES: permission denied, lstat '/input/2020_10_15-October_MG_Classic/124922160_661992201173974_8559724489458356442_n.jpg'
2020-11-27T22:30:07.402Z thumbsup:warn EACCES: permission denied, lstat '/input/2020_10_15-October_MG_Classic/124952265_379996543314174_7822432409453870283_n.jpg'
2020-11-27T22:30:07.402Z thumbsup:warn EACCES: permission denied, lstat '/input/2020_10_15-October_MG_Classic/124888190_387939302398696_3133374237725541429_n.jpg'
2020-11-27T22:30:07.402Z thumbsup:warn EACCES: permission denied, lstat '/input/2020_10_15-October_MG_Classic/124963005_499059071051633_8901455189581644280_n.jpg'
2020-11-27T22:30:07.402Z thumbsup:warn EACCES: permission denied, lstat '/input/2020_10_15-October_MG_Classic/124984722_3536910653058703_6124633941601564242_n.jpg'
2020-11-27T22:30:07.402Z thumbsup:warn EACCES: permission denied, lstat '/input/2020_10_15-October_MG_Classic/125020750_4595879617152048_5860683611504724082_n.jpg'
2020-11-27T22:30:07.402Z thumbsup:warn EACCES: permission denied, lstat '/input/2020_10_15-October_MG_Classic/125074087_1816239981885594_1037367302809452362_n.jpg'
2020-11-27T22:30:07.402Z thumbsup:warn EACCES: permission denied, lstat '/input/2020_10_15-October_MG_Classic/125165914_1074590763003111_2233843689961599596_n.jpg'
2020-11-27T22:30:07.402Z thumbsup:warn EACCES: permission denied, lstat '/input/2020_10_15-October_MG_Classic/125172753_360021475097229_6367435725159501964_n.jpg'
2020-11-27T22:30:07.402Z thumbsup:warn EACCES: permission denied, lstat '/input/2020_10_15-October_MG_Classic/125191589_840960183438995_9171246118830697866_n.jpg'
2020-11-27T22:30:07.402Z thumbsup:warn EACCES: permission denied, lstat '/input/2020_10_15-October_MG_Classic/125205592_800840437454226_1672636349061127040_n.jpg'
2020-11-27T22:30:07.402Z thumbsup:warn EACCES: permission denied, lstat '/input/2020_10_15-October_MG_Classic/125205915_3377789922340445_5195017656832231254_n.jpg'
2020-11-27T22:30:07.402Z thumbsup:warn EACCES: permission denied, lstat '/input/2020_10_15-October_MG_Classic/125250926_713201652909156_2668700220931084235_n.jpg'
2020-11-27T22:30:07.402Z thumbsup:warn EACCES: permission denied, lstat '/input/2020_10_15-October_MG_Classic/125267846_283021449758564_6383373083042877504_n.jpg'
2020-11-27T22:30:07.402Z thumbsup:warn EACCES: permission denied, lstat '/input/2020_10_15-October_MG_Classic/125316469_795412547980080_5824093304690334729_n.jpg'
2020-11-27T22:30:07.402Z thumbsup:warn EACCES: permission denied, lstat '/input/2020_10_15-October_MG_Classic/125323065_731546964117843_7526785271672102911_n.jpg'
2020-11-27T22:30:07.402Z thumbsup:warn EACCES: permission denied, lstat '/input/2020_10_15-October_MG_Classic/125429762_1584350991773531_8939529011783899461_n.jpg'
2020-11-27T22:30:07.402Z thumbsup:warn EACCES: permission denied, lstat '/input/2020_10_15-October_MG_Classic/125495311_3431753310383502_1128064475811025751_n.jpg'
2020-11-27T22:30:07.402Z thumbsup:warn EACCES: permission denied, lstat '/input/2020_10_15-October_MG_Classic/125522005_371739997265711_2592938695099023789_n.jpg'
2020-11-27T22:30:07.402Z thumbsup:warn EACCES: permission denied, lstat '/input/2020_10_15-October_MG_Classic/125538146_425424855288970_1930565616108289841_n.jpg'
2020-11-27T22:30:07.402Z thumbsup:warn EACCES: permission denied, lstat '/input/2020_10_15-October_MG_Classic/125570727_379357013180472_7308303279571134640_n.jpg'
2020-11-27T22:35:14.735Z thumbsup:warn dcraw (https://www.cybercom.net/~dcoffin/dcraw/) is not installed. You will not be able to process RAW photos.
